<?xml version="1.0" encoding="UTF-8"?>
<beans xmlns="http://www.springframework.org/schema/beans"
	xmlns:xsi="http://www.w3.org/2001/XMLSchema-instance" xmlns:tx="http://www.springframework.org/schema/tx"
	xmlns:context="http://www.springframework.org/schema/context"
	xsi:schemaLocation="http://www.springframework.org/schema/beans
	http://www.springframework.org/schema/beans/spring-beans-4.0.xsd
	http://www.springframework.org/schema/context
	http://www.springframework.org/schema/context/spring-context-4.0.xsd
	http://www.springframework.org/schema/tx
	http://www.springframework.org/schema/tx/spring-tx-4.0.xsd">

	<!-- 引入数据库所在的配置文件 -->
	<import resource="classpath:/spring/test-databaseConfig.xml" />

	<bean id="processEngineConfiguration" class="org.activiti.spring.SpringProcessEngineConfiguration">
		<!-- 此处注意！！！如果有activiti.cfg.xml则此处beans不生效 -->
		<!-- When you're just using the activiti.cfg.xml, the other BEANS in the XML are not exposed as beans to activiti expressions. -->
<!-- 		<property name="beans"> -->
<!-- 			<map> -->
<!-- 				<entry key="delegateExpression1" value-ref="delegateExpression1" /> -->
<!-- 				<entry key="activitiExpression1" value-ref="activitiExpression1" /> -->
<!-- 				<entry key="delegateExpression2" value-ref="delegateExpression2" /> -->
<!-- 			</map> -->
<!-- 		</property> -->
		<property name="dataSource" ref="dataSource" />
		<property name="transactionManager" ref="transactionManager" />
		<property name="databaseSchemaUpdate" value="true" />
		<property name="jobExecutorActivate" value="true" />
	</bean>

	<bean id="processEngine" class="org.activiti.spring.ProcessEngineFactoryBean">
		<property name="processEngineConfiguration" ref="processEngineConfiguration" />
	</bean>

	<bean id="repositoryService" factory-bean="processEngine"
		factory-method="getRepositoryService" />
	<bean id="runtimeService" factory-bean="processEngine"
		factory-method="getRuntimeService" />
	<bean id="taskService" factory-bean="processEngine"
		factory-method="getTaskService" />
	<bean id="historyService" factory-bean="processEngine"
		factory-method="getHistoryService" />
	<bean id="managementService" factory-bean="processEngine"
		factory-method="getManagementService" />

</beans>

